Start testing: Sep 15 16:55 CST
----------------------------------------------------------
31/169 Testing: t_webget
31/169 Test: t_webget
Command: "/home/mael/CS144-Sponge/tests/webget_t.sh"
Directory: /home/mael/CS144-Sponge/build
"t_webget" start time: Sep 15 16:55 CST
Output:
----------------------------------------------------------
HTTP/1.1 200 OK
Content-type: text/plain

7SmXqWkrLKzVBCEalbSPqBcvs11Pw263K7x4Wv3JckI
<end of output>
Test time =   1.55 sec
----------------------------------------------------------
Test Passed.
"t_webget" end time: Sep 15 16:55 CST
"t_webget" time elapsed: 00:00:01
----------------------------------------------------------

End testing: Sep 15 16:55 CST
